#
# There is insufficient memory for the Java Runtime Environment to continue.
# Native memory allocation (malloc) failed to allocate 1049232 bytes for Chunk::new
# Possible reasons:
#   The system is out of physical RAM or swap space
#   The process is running with CompressedOops enabled, and the Java Heap may be blocking the growth of the native heap
# Possible solutions:
#   Reduce memory load on the system
#   Increase physical memory or swap space
#   Check if swap backing store is full
#   Decrease Java heap size (-Xmx/-Xms)
#   Decrease number of Java threads
#   Decrease Java thread stack sizes (-Xss)
#   Set larger code cache with -XX:ReservedCodeCacheSize=
#   JVM is running with Unscaled Compressed Oops mode in which the Java heap is
#     placed in the first 4GB address space. The Java Heap base address is the
#     maximum limit for the native heap growth. Please use -XX:HeapBaseMinAddress
#     to set the Java Heap base and to place the Java Heap above 4GB virtual address.
# This output file may be truncated or incomplete.
#
#  Out of Memory Error (allocation.cpp:389), pid=10708, tid=0x0000000000001180
#
# JRE version: Java(TM) SE Runtime Environment (8.0_211-b12) (build 1.8.0_211-b12)
# Java VM: Java HotSpot(TM) 64-Bit Server VM (25.211-b12 mixed mode windows-amd64 compressed oops)
# Failed to write core dump. Minidumps are not enabled by default on client versions of Windows
#

---------------  T H R E A D  ---------------

Current thread (0x00000000198ec000):  JavaThread "C2 CompilerThread2" daemon [_thread_in_native, id=4480, stack(0x000000001a330000,0x000000001a430000)]

Stack: [0x000000001a330000,0x000000001a430000]
[error occurred during error reporting (printing stack bounds), id 0xc0000005]

Native frames: (J=compiled Java code, j=interpreted, Vv=VM code, C=native code)


Current CompileTask:
C2: 593251 13138   !   4       org.springframework.core.annotation.AnnotatedElementUtils::searchWithFindSemantics (713 bytes)


---------------  P R O C E S S  ---------------

Java Threads: ( => current thread )
  0x000000001c6d1800 JavaThread "PathWatcher@99774ec" daemon [_thread_blocked, id=3392, stack(0x000000002c440000,0x000000002c540000)]
  0x0000000022cba000 JavaThread "Thread-24" daemon [_thread_in_native, id=15512, stack(0x000000002c340000,0x000000002c440000)]
  0x000000001cce4800 JavaThread "Abandoned connection cleanup thread" daemon [_thread_blocked, id=15000, stack(0x000000002bda0000,0x000000002bea0000)]
  0x0000000022cbd800 JavaThread "Abandoned connection cleanup thread" daemon [_thread_blocked, id=18736, stack(0x000000002ae80000,0x000000002af80000)]
  0x0000000022cb2800 JavaThread "qtp1585841343-54" [_thread_blocked, id=16948, stack(0x000000002ab80000,0x000000002ac80000)]
  0x0000000022cb1800 JavaThread "Abandoned connection cleanup thread" daemon [_thread_blocked, id=2500, stack(0x000000002a0b0000,0x000000002a1b0000)]
  0x0000000022cb7000 JavaThread "Abandoned connection cleanup thread" daemon [_thread_blocked, id=4088, stack(0x00000000294b0000,0x00000000295b0000)]
  0x0000000022cb4000 JavaThread "Abandoned connection cleanup thread" daemon [_thread_blocked, id=13076, stack(0x0000000028520000,0x0000000028620000)]
  0x0000000022cb0000 JavaThread "qtp1585841343-40" [_thread_blocked, id=10556, stack(0x0000000028420000,0x0000000028520000)]
  0x0000000022cb6000 JavaThread "Abandoned connection cleanup thread" daemon [_thread_blocked, id=8920, stack(0x0000000028120000,0x0000000028220000)]
  0x0000000022cb5800 JavaThread "Scheduler-1486504709" [_thread_blocked, id=13892, stack(0x0000000027b20000,0x0000000027c20000)]
  0x0000000022cb3000 JavaThread "Abandoned connection cleanup thread" daemon [_thread_blocked, id=10308, stack(0x00000000258c0000,0x00000000259c0000)]
  0x000000001cce7800 JavaThread "Abandoned connection cleanup thread" daemon [_thread_blocked, id=10528, stack(0x0000000020d80000,0x0000000020e80000)]
  0x0000000020548000 JavaThread "Scheduler-947462790" [_thread_blocked, id=19004, stack(0x0000000020880000,0x0000000020980000)]
  0x000000001d0fd800 JavaThread "qtp1585841343-21-acceptor-0@12feae9-ServerConnector@535b4dbf{HTTP/1.1,[http/1.1]}{localhost:8080}" [_thread_in_native, id=14988, stack(0x000000001f2b0000,0x000000001f3b0000)]
  0x000000001d0fd000 JavaThread "qtp1585841343-20" [_thread_in_native, id=1964, stack(0x000000001f1b0000,0x000000001f2b0000)]
  0x000000001d8e4000 JavaThread "qtp1585841343-19" [_thread_in_native, id=1688, stack(0x000000001f0b0000,0x000000001f1b0000)]
  0x000000001d8e3800 JavaThread "qtp1585841343-18" [_thread_in_native, id=12736, stack(0x000000001efb0000,0x000000001f0b0000)]
  0x000000001d8a9000 JavaThread "qtp1585841343-17" [_thread_in_native, id=14504, stack(0x000000001eeb0000,0x000000001efb0000)]
  0x000000001be97000 JavaThread "qtp1585841343-16" [_thread_blocked, id=8672, stack(0x000000001edb0000,0x000000001eeb0000)]
  0x000000001be96800 JavaThread "qtp1585841343-15" [_thread_blocked, id=13296, stack(0x000000001ecb0000,0x000000001edb0000)]
  0x000000001999c000 JavaThread "Service Thread" daemon [_thread_blocked, id=19140, stack(0x000000001a530000,0x000000001a630000)]
  0x00000000198f1000 JavaThread "C1 CompilerThread3" daemon [_thread_blocked, id=2904, stack(0x000000001a430000,0x000000001a530000)]
=>0x00000000198ec000 JavaThread "C2 CompilerThread2" daemon [_thread_in_native, id=4480, stack(0x000000001a330000,0x000000001a430000)]
  0x00000000198e9800 JavaThread "C2 CompilerThread1" daemon [_thread_blocked, id=12368, stack(0x000000001a230000,0x000000001a330000)]
  0x00000000198e7800 JavaThread "C2 CompilerThread0" daemon [_thread_blocked, id=10508, stack(0x000000001a130000,0x000000001a230000)]
  0x00000000198cf800 JavaThread "Monitor Ctrl-Break" daemon [_thread_in_native, id=18988, stack(0x000000001a030000,0x000000001a130000)]
  0x00000000198bc800 JavaThread "Attach Listener" daemon [_thread_blocked, id=2800, stack(0x0000000019f30000,0x000000001a030000)]
  0x000000001986a000 JavaThread "Signal Dispatcher" daemon [_thread_blocked, id=10752, stack(0x0000000019e30000,0x0000000019f30000)]
  0x0000000019850800 JavaThread "Finalizer" daemon [_thread_blocked, id=5152, stack(0x0000000019d30000,0x0000000019e30000)]
  0x0000000017a6d000 JavaThread "Reference Handler" daemon [_thread_blocked, id=14632, stack(0x0000000019c30000,0x0000000019d30000)]
  0x00000000029f2800 JavaThread "main" [_thread_blocked, id=10680, stack(0x0000000002760000,0x0000000002860000)]

Other Threads:
  0x0000000017a69000 VMThread [stack: 0x0000000019730000,0x0000000019830000] [id=14216]
  0x00000000199ab000 WatcherThread [stack: 0x000000001a630000,0x000000001a730000] [id=9404]

VM state:not at safepoint (normal execution)

VM Mutex/Monitor currently owned by a thread: None

heap address: 0x0000000081c00000, size: 2020 MB, Compressed Oops mode: 32-bit
Narrow klass base: 0x0000000000000000, Narrow klass shift: 3
Compressed class space size: 1073741824 Address: 0x0000000100000000

Heap:
 PSYoungGen      total 461312K, used 83431K [0x00000000d5f00000, 0x00000000f8080000, 0x0000000100000000)
  eden space 415744K, 10% used [0x00000000d5f00000,0x00000000d889bf38,0x00000000ef500000)
  from space 45568K, 89% used [0x00000000ef500000,0x00000000f1cddfd0,0x00000000f2180000)
  to   space 49664K, 0% used [0x00000000f5000000,0x00000000f5000000,0x00000000f8080000)
 ParOldGen       total 185344K, used 42857K [0x0000000081c00000, 0x000000008d100000, 0x00000000d5f00000)
  object space 185344K, 23% used [0x0000000081c00000,0x00000000845da7e8,0x000000008d100000)
 Metaspace       used 143324K, capacity 145090K, committed 145624K, reserved 1175552K
  class space    used 18183K, capacity 18641K, committed 18648K, reserved 1048576K

Card table byte_map: [0x0000000011eb0000,0x00000000122b0000] byte_map_base: 0x0000000011aa2000

Marking Bits: (ParMarkBitMap*) 0x0000000050b75ce0
 Begin Bits: [0x0000000012d60000, 0x0000000014cf0000)
 End Bits:   [0x0000000014cf0000, 0x0000000016c80000)

Polling page: 0x0000000000610000

CodeCache: size=245760Kb used=44331Kb max_used=44701Kb free=201428Kb
 bounds [0x0000000002af0000, 0x00000000056e0000, 0x0000000011af0000]
 total_blobs=11256 nmethods=10658 adapters=509
 compilation: enabled

Compilation events (10 events):
Event: 593.155 Thread 0x00000000198f1000 13143       3       java.lang.ProcessEnvironment::containsKey (9 bytes)
Event: 593.156 Thread 0x00000000198f1000 nmethod 13143 0x00000000053e52d0 code [0x00000000053e5480, 0x00000000053e5a88]
Event: 593.157 Thread 0x00000000198e9800 nmethod 13140 0x0000000003ba7b50 code [0x0000000003ba7dc0, 0x0000000003ba8ea0]
Event: 593.157 Thread 0x00000000198e7800 nmethod 13141 0x0000000003ba71d0 code [0x0000000003ba7340, 0x0000000003ba77a8]
Event: 593.162 Thread 0x00000000198f1000 13144       3       java.util.stream.AbstractPipeline::close (48 bytes)
Event: 593.162 Thread 0x00000000198f1000 nmethod 13144 0x0000000005563d90 code [0x0000000005563f00, 0x00000000055641a8]
Event: 593.162 Thread 0x00000000198f1000 13145       3       java.nio.file.Files$$Lambda$36/628502276::run (8 bytes)
Event: 593.163 Thread 0x00000000198f1000 nmethod 13145 0x00000000053e4c90 code [0x00000000053e4e20, 0x00000000053e5138]
Event: 593.163 Thread 0x00000000198f1000 13146   !   3       java.nio.file.Files::lambda$asUncheckedRunnable$0 (20 bytes)
Event: 593.163 Thread 0x00000000198f1000 nmethod 13146 0x00000000053e4750 code [0x00000000053e48c0, 0x00000000053e4b58]

GC Heap History (10 events):
Event: 403.060 GC heap before
{Heap before GC invocations=27 (full 4):
 PSYoungGen      total 367104K, used 334336K [0x00000000d5f00000, 0x00000000f1400000, 0x0000000100000000)
  eden space 334336K, 100% used [0x00000000d5f00000,0x00000000ea580000,0x00000000ea580000)
  from space 32768K, 0% used [0x00000000eca00000,0x00000000eca00000,0x00000000eea00000)
  to   space 37376K, 0% used [0x00000000ea580000,0x00000000ea580000,0x00000000eca00000)
 ParOldGen       total 185344K, used 42817K [0x0000000081c00000, 0x000000008d100000, 0x00000000d5f00000)
  object space 185344K, 23% used [0x0000000081c00000,0x00000000845d07e8,0x000000008d100000)
 Metaspace       used 106390K, capacity 107752K, committed 108504K, reserved 1144832K
  class space    used 13327K, capacity 13694K, committed 13784K, reserved 1048576K
Event: 403.075 GC heap after
Heap after GC invocations=27 (full 4):
 PSYoungGen      total 371712K, used 24431K [0x00000000d5f00000, 0x00000000f1e80000, 0x0000000100000000)
  eden space 334336K, 0% used [0x00000000d5f00000,0x00000000d5f00000,0x00000000ea580000)
  from space 37376K, 65% used [0x00000000ea580000,0x00000000ebd5bff0,0x00000000eca00000)
  to   space 37888K, 0% used [0x00000000ef980000,0x00000000ef980000,0x00000000f1e80000)
 ParOldGen       total 185344K, used 42825K [0x0000000081c00000, 0x000000008d100000, 0x00000000d5f00000)
  object space 185344K, 23% used [0x0000000081c00000,0x00000000845d27e8,0x000000008d100000)
 Metaspace       used 106390K, capacity 107752K, committed 108504K, reserved 1144832K
  class space    used 13327K, capacity 13694K, committed 13784K, reserved 1048576K
}
Event: 405.044 GC heap before
{Heap before GC invocations=28 (full 4):
 PSYoungGen      total 371712K, used 358767K [0x00000000d5f00000, 0x00000000f1e80000, 0x0000000100000000)
  eden space 334336K, 100% used [0x00000000d5f00000,0x00000000ea580000,0x00000000ea580000)
  from space 37376K, 65% used [0x00000000ea580000,0x00000000ebd5bff0,0x00000000eca00000)
  to   space 37888K, 0% used [0x00000000ef980000,0x00000000ef980000,0x00000000f1e80000)
 ParOldGen       total 185344K, used 42825K [0x0000000081c00000, 0x000000008d100000, 0x00000000d5f00000)
  object space 185344K, 23% used [0x0000000081c00000,0x00000000845d27e8,0x000000008d100000)
 Metaspace       used 113233K, capacity 114588K, committed 115288K, reserved 1150976K
  class space    used 14263K, capacity 14636K, committed 14680K, reserved 1048576K
Event: 405.067 GC heap after
Heap after GC invocations=28 (full 4):
 PSYoungGen      total 419328K, used 27605K [0x00000000d5f00000, 0x00000000f2700000, 0x0000000100000000)
  eden space 381440K, 0% used [0x00000000d5f00000,0x00000000d5f00000,0x00000000ed380000)
  from space 37888K, 72% used [0x00000000ef980000,0x00000000f1475438,0x00000000f1e80000)
  to   space 38912K, 0% used [0x00000000ed380000,0x00000000ed380000,0x00000000ef980000)
 ParOldGen       total 185344K, used 42833K [0x0000000081c00000, 0x000000008d100000, 0x00000000d5f00000)
  object space 185344K, 23% used [0x0000000081c00000,0x00000000845d47e8,0x000000008d100000)
 Metaspace       used 113233K, capacity 114588K, committed 115288K, reserved 1150976K
  class space    used 14263K, capacity 14636K, committed 14680K, reserved 1048576K
}
Event: 568.067 GC heap before
{Heap before GC invocations=29 (full 4):
 PSYoungGen      total 419328K, used 409045K [0x00000000d5f00000, 0x00000000f2700000, 0x0000000100000000)
  eden space 381440K, 100% used [0x00000000d5f00000,0x00000000ed380000,0x00000000ed380000)
  from space 37888K, 72% used [0x00000000ef980000,0x00000000f1475438,0x00000000f1e80000)
  to   space 38912K, 0% used [0x00000000ed380000,0x00000000ed380000,0x00000000ef980000)
 ParOldGen       total 185344K, used 42833K [0x0000000081c00000, 0x000000008d100000, 0x00000000d5f00000)
  object space 185344K, 23% used [0x0000000081c00000,0x00000000845d47e8,0x000000008d100000)
 Metaspace       used 119403K, capacity 120976K, committed 121816K, reserved 1155072K
  class space    used 15032K, capacity 15454K, committed 15576K, reserved 1048576K
Event: 568.093 GC heap after
Heap after GC invocations=29 (full 4):
 PSYoungGen      total 420352K, used 35613K [0x00000000d5f00000, 0x00000000f4e00000, 0x0000000100000000)
  eden space 381440K, 0% used [0x00000000d5f00000,0x00000000d5f00000,0x00000000ed380000)
  from space 38912K, 91% used [0x00000000ed380000,0x00000000ef647628,0x00000000ef980000)
  to   space 43008K, 0% used [0x00000000f2400000,0x00000000f2400000,0x00000000f4e00000)
 ParOldGen       total 185344K, used 42841K [0x0000000081c00000, 0x000000008d100000, 0x00000000d5f00000)
  object space 185344K, 23% used [0x0000000081c00000,0x00000000845d67e8,0x000000008d100000)
 Metaspace       used 119403K, capacity 120976K, committed 121816K, reserved 1155072K
  class space    used 15032K, capacity 15454K, committed 15576K, reserved 1048576K
}
Event: 590.596 GC heap before
{Heap before GC invocations=30 (full 4):
 PSYoungGen      total 420352K, used 417053K [0x00000000d5f00000, 0x00000000f4e00000, 0x0000000100000000)
  eden space 381440K, 100% used [0x00000000d5f00000,0x00000000ed380000,0x00000000ed380000)
  from space 38912K, 91% used [0x00000000ed380000,0x00000000ef647628,0x00000000ef980000)
  to   space 43008K, 0% used [0x00000000f2400000,0x00000000f2400000,0x00000000f4e00000)
 ParOldGen       total 185344K, used 42841K [0x0000000081c00000, 0x000000008d100000, 0x00000000d5f00000)
  object space 185344K, 23% used [0x0000000081c00000,0x00000000845d67e8,0x000000008d100000)
 Metaspace       used 132434K, capacity 134086K, committed 134744K, reserved 1167360K
  class space    used 16740K, capacity 17175K, committed 17240K, reserved 1048576K
Event: 590.631 GC heap after
Heap after GC invocations=30 (full 4):
 PSYoungGen      total 458752K, used 33720K [0x00000000d5f00000, 0x00000000f4e00000, 0x0000000100000000)
  eden space 415744K, 0% used [0x00000000d5f00000,0x00000000d5f00000,0x00000000ef500000)
  from space 43008K, 78% used [0x00000000f2400000,0x00000000f44ee1a0,0x00000000f4e00000)
  to   space 45568K, 0% used [0x00000000ef500000,0x00000000ef500000,0x00000000f2180000)
 ParOldGen       total 185344K, used 42849K [0x0000000081c00000, 0x000000008d100000, 0x00000000d5f00000)
  object space 185344K, 23% used [0x0000000081c00000,0x00000000845d87e8,0x000000008d100000)
 Metaspace       used 132434K, capacity 134086K, committed 134744K, reserved 1167360K
  class space    used 16740K, capacity 17175K, committed 17240K, reserved 1048576K
}
Event: 593.006 GC heap before
{Heap before GC invocations=31 (full 4):
 PSYoungGen      total 458752K, used 449464K [0x00000000d5f00000, 0x00000000f4e00000, 0x0000000100000000)
  eden space 415744K, 100% used [0x00000000d5f00000,0x00000000ef500000,0x00000000ef500000)
  from space 43008K, 78% used [0x00000000f2400000,0x00000000f44ee1a0,0x00000000f4e00000)
  to   space 45568K, 0% used [0x00000000ef500000,0x00000000ef500000,0x00000000f2180000)
 ParOldGen       total 185344K, used 42849K [0x0000000081c00000, 0x000000008d100000, 0x00000000d5f00000)
  object space 185344K, 23% used [0x0000000081c00000,0x00000000845d87e8,0x000000008d100000)
 Metaspace       used 142778K, capacity 144578K, committed 145368K, reserved 1175552K
  class space    used 18110K, capacity 18577K, committed 18648K, reserved 1048576K
Event: 593.029 GC heap after
Heap after GC invocations=31 (full 4):
 PSYoungGen      total 461312K, used 40823K [0x00000000d5f00000, 0x00000000f8080000, 0x0000000100000000)
  eden space 415744K, 0% used [0x00000000d5f00000,0x00000000d5f00000,0x00000000ef500000)
  from space 45568K, 89% used [0x00000000ef500000,0x00000000f1cddfd0,0x00000000f2180000)
  to   space 49664K, 0% used [0x00000000f5000000,0x00000000f5000000,0x00000000f8080000)
 ParOldGen       total 185344K, used 42857K [0x0000000081c00000, 0x000000008d100000, 0x00000000d5f00000)
  object space 185344K, 23% used [0x0000000081c00000,0x00000000845da7e8,0x000000008d100000)
 Metaspace       used 142778K, capacity 144578K, committed 145368K, reserved 1175552K
  class space    used 18110K, capacity 18577K, committed 18648K, reserved 1048576K
}

Deoptimization events (10 events):
Event: 592.641 Thread 0x000000001cce7000 Uncommon trap: reason=unstable_if action=reinterpret pc=0x00000000055fcf78 method=org.springframework.core.type.classreading.AnnotationMetadataReadingVisitor.hasMetaAnnotation(Ljava/lang/String;)Z @ 45
Event: 592.641 Thread 0x000000001cce7000 Uncommon trap: reason=class_check action=maybe_recompile pc=0x0000000005323a24 method=org.springframework.core.type.classreading.AnnotationAttributesReadingVisitor.visitEnd()V @ 184
Event: 592.641 Thread 0x000000001cce7000 Uncommon trap: reason=unstable_if action=reinterpret pc=0x0000000005163678 method=org.springframework.core.type.classreading.AnnotationMetadataReadingVisitor.hasMetaAnnotation(Ljava/lang/String;)Z @ 45
Event: 592.642 Thread 0x000000001cce7000 Uncommon trap: reason=class_check action=maybe_recompile pc=0x0000000005323a24 method=org.springframework.core.type.classreading.AnnotationAttributesReadingVisitor.visitEnd()V @ 184
Event: 592.691 Thread 0x000000001cce7000 Uncommon trap: reason=class_check action=maybe_recompile pc=0x0000000005323a24 method=org.springframework.core.type.classreading.AnnotationAttributesReadingVisitor.visitEnd()V @ 184
Event: 592.734 Thread 0x000000001cce7000 Uncommon trap: reason=class_check action=maybe_recompile pc=0x00000000055d5600 method=org.springframework.util.StringUtils.collectionToDelimitedString(Ljava/util/Collection;Ljava/lang/String;Ljava/lang/String;Ljava/lang/String;)Ljava/lang/String; @ 20
Event: 592.734 Thread 0x000000001cce7000 Uncommon trap: reason=class_check action=maybe_recompile pc=0x00000000055d5600 method=org.springframework.util.StringUtils.collectionToDelimitedString(Ljava/util/Collection;Ljava/lang/String;Ljava/lang/String;Ljava/lang/String;)Ljava/lang/String; @ 20
Event: 592.772 Thread 0x000000001cce7000 Uncommon trap: reason=class_check action=maybe_recompile pc=0x00000000052e8df4 method=org.springframework.asm.ClassReader.readCode(Lorg/springframework/asm/MethodVisitor;Lorg/springframework/asm/Context;I)V @ 1530
Event: 592.835 Thread 0x000000001cce7000 Uncommon trap: reason=class_check action=maybe_recompile pc=0x00000000055d5600 method=org.springframework.util.StringUtils.collectionToDelimitedString(Ljava/util/Collection;Ljava/lang/String;Ljava/lang/String;Ljava/lang/String;)Ljava/lang/String; @ 20
Event: 593.099 Thread 0x000000001cce7000 Uncommon trap: reason=class_check action=maybe_recompile pc=0x00000000055d5600 method=org.springframework.util.StringUtils.collectionToDelimitedString(Ljava/util/Collection;Ljava/lang/String;Ljava/lang/String;Ljava/lang/String;)Ljava/lang/String; @ 20

Classes redefined (0 events):
No events

Internal exceptions (10 events):
Event: 593.161 Thread 0x000000001cce7000 Exception <a 'sun/nio/fs/WindowsException'> (0x00000000d80d3ad8) thrown at [C:\re\workspace\8-2-build-windows-amd64-cygwin\jdk8u211\12973\hotspot\src\share\vm\prims\jni.cpp, line 710]
Event: 593.162 Thread 0x000000001cce7000 Exception <a 'sun/nio/fs/WindowsException'> (0x00000000d80d7478) thrown at [C:\re\workspace\8-2-build-windows-amd64-cygwin\jdk8u211\12973\hotspot\src\share\vm\prims\jni.cpp, line 710]
Event: 593.162 Thread 0x000000001cce7000 Exception <a 'sun/nio/fs/WindowsException'> (0x00000000d80dabd8) thrown at [C:\re\workspace\8-2-build-windows-amd64-cygwin\jdk8u211\12973\hotspot\src\share\vm\prims\jni.cpp, line 710]
Event: 593.163 Thread 0x000000001cce7000 Exception <a 'sun/nio/fs/WindowsException'> (0x00000000d80de690) thrown at [C:\re\workspace\8-2-build-windows-amd64-cygwin\jdk8u211\12973\hotspot\src\share\vm\prims\jni.cpp, line 710]
Event: 593.163 Thread 0x000000001cce7000 Exception <a 'sun/nio/fs/WindowsException'> (0x00000000d80e23d8) thrown at [C:\re\workspace\8-2-build-windows-amd64-cygwin\jdk8u211\12973\hotspot\src\share\vm\prims\jni.cpp, line 710]
Event: 593.164 Thread 0x000000001cce7000 Exception <a 'sun/nio/fs/WindowsException'> (0x00000000d80e3660) thrown at [C:\re\workspace\8-2-build-windows-amd64-cygwin\jdk8u211\12973\hotspot\src\share\vm\prims\jni.cpp, line 710]
Event: 593.164 Thread 0x000000001cce7000 Exception <a 'sun/nio/fs/WindowsException'> (0x00000000d80e4a80) thrown at [C:\re\workspace\8-2-build-windows-amd64-cygwin\jdk8u211\12973\hotspot\src\share\vm\prims\jni.cpp, line 710]
Event: 593.165 Thread 0x000000001cce7000 Exception <a 'sun/nio/fs/WindowsException'> (0x00000000d80e6148) thrown at [C:\re\workspace\8-2-build-windows-amd64-cygwin\jdk8u211\12973\hotspot\src\share\vm\prims\jni.cpp, line 710]
Event: 593.165 Thread 0x000000001cce7000 Exception <a 'sun/nio/fs/WindowsException'> (0x00000000d80e9b00) thrown at [C:\re\workspace\8-2-build-windows-amd64-cygwin\jdk8u211\12973\hotspot\src\share\vm\prims\jni.cpp, line 710]
Event: 593.166 Thread 0x000000001cce7000 Exception <a 'sun/nio/fs/WindowsException'> (0x00000000d80ed258) thrown at [C:\re\workspace\8-2-build-windows-amd64-cygwin\jdk8u211\12973\hotspot\src\share\vm\prims\jni.cpp, line 710]

Events (10 events):
Event: 593.156 loading class sun/nio/fs/PollingWatchService
Event: 593.156 loading class sun/nio/fs/PollingWatchService done
Event: 593.156 loading class sun/nio/fs/PollingWatchService
Event: 593.156 loading class sun/nio/fs/PollingWatchService done
Event: 593.156 loading class sun/nio/fs/PollingWatchService
Event: 593.156 loading class sun/nio/fs/PollingWatchService done
Event: 593.156 Executing VM operation: RevokeBias
Event: 593.156 Executing VM operation: RevokeBias done
Event: 593.184 Thread 0x000000001c6d1800 Thread added: 0x000000001c6d1800
Event: 593.184 Thread 0x000000001cce7000 Thread exited: 0x000000001cce7000


Dynamic libraries:
0x00007ff72d110000 - 0x00007ff72d147000 	F:\JDK1.8\bin\java.exe
0x00007ff8ed190000 - 0x00007ff8ed37d000 	C:\Windows\SYSTEM32\ntdll.dll
0x00007ff8eb0d0000 - 0x00007ff8eb183000 	C:\Windows\System32\KERNEL32.DLL
0x00007ff8e9e80000 - 0x00007ff8ea113000 	C:\Windows\System32\KERNELBASE.dll
0x00007ff8ec860000 - 0x00007ff8ec903000 	C:\Windows\System32\ADVAPI32.dll
0x00007ff8eb030000 - 0x00007ff8eb0ce000 	C:\Windows\System32\msvcrt.dll
0x00007ff8ecf90000 - 0x00007ff8ed02e000 	C:\Windows\System32\sechost.dll
0x00007ff8ea420000 - 0x00007ff8ea542000 	C:\Windows\System32\RPCRT4.dll
0x00007ff8ecdf0000 - 0x00007ff8ecf87000 	C:\Windows\System32\USER32.dll
0x00007ff8ea270000 - 0x00007ff8ea290000 	C:\Windows\System32\win32u.dll
0x00007ff8ec830000 - 0x00007ff8ec859000 	C:\Windows\System32\GDI32.dll
0x00007ff8e94e0000 - 0x00007ff8e9679000 	C:\Windows\System32\gdi32full.dll
0x00007ff8ea120000 - 0x00007ff8ea1c0000 	C:\Windows\System32\msvcp_win.dll
0x00007ff8ea290000 - 0x00007ff8ea38a000 	C:\Windows\System32\ucrtbase.dll
0x00007ff8d40b0000 - 0x00007ff8d4329000 	C:\Windows\WinSxS\amd64_microsoft.windows.common-controls_6595b64144ccf1df_6.0.17763.615_none_05b4414a072024d4\COMCTL32.dll
0x00007ff8ea9c0000 - 0x00007ff8eacec000 	C:\Windows\System32\combase.dll
0x00007ff8e9260000 - 0x00007ff8e92de000 	C:\Windows\System32\bcryptPrimitives.dll
0x00007ff8eacf0000 - 0x00007ff8ead1e000 	C:\Windows\System32\IMM32.DLL
0x00007ff8e9120000 - 0x00007ff8e918e000 	C:\Windows\System32\dtrampo.dll
0x0000000050c00000 - 0x0000000050cd2000 	F:\JDK1.8\jre\bin\msvcr100.dll
0x0000000050350000 - 0x0000000050bf5000 	F:\JDK1.8\jre\bin\server\jvm.dll
0x00007ff8eafb0000 - 0x00007ff8eafb8000 	C:\Windows\System32\PSAPI.DLL
0x00007ff8c85e0000 - 0x00007ff8c85e9000 	C:\Windows\SYSTEM32\WSOCK32.dll
0x00007ff8eb240000 - 0x00007ff8eb2ad000 	C:\Windows\System32\WS2_32.dll
0x00007ff8e5c60000 - 0x00007ff8e5c84000 	C:\Windows\SYSTEM32\WINMM.dll
0x00007ff8de230000 - 0x00007ff8de23a000 	C:\Windows\SYSTEM32\VERSION.dll
0x00007ff8e5c30000 - 0x00007ff8e5c5d000 	C:\Windows\SYSTEM32\WINMMBASE.dll
0x00007ff8ea1c0000 - 0x00007ff8ea20a000 	C:\Windows\System32\cfgmgr32.dll
0x00007ff8e5ce0000 - 0x00007ff8e5cef000 	F:\JDK1.8\jre\bin\verify.dll
0x00007ff8e2050000 - 0x00007ff8e2079000 	F:\JDK1.8\jre\bin\java.dll
0x00007ff8dd750000 - 0x00007ff8dd773000 	F:\JDK1.8\jre\bin\instrument.dll
0x00007ff8e2390000 - 0x00007ff8e23a6000 	F:\JDK1.8\jre\bin\zip.dll
0x00007ff8eb330000 - 0x00007ff8ec820000 	C:\Windows\System32\SHELL32.dll
0x00007ff8eb190000 - 0x00007ff8eb238000 	C:\Windows\System32\shcore.dll
0x00007ff8e9680000 - 0x00007ff8e9dca000 	C:\Windows\System32\windows.storage.dll
0x00007ff8e91b0000 - 0x00007ff8e91d4000 	C:\Windows\System32\profapi.dll
0x00007ff8e91e0000 - 0x00007ff8e923d000 	C:\Windows\System32\powrprof.dll
0x00007ff8ea3c0000 - 0x00007ff8ea412000 	C:\Windows\System32\shlwapi.dll
0x00007ff8e9240000 - 0x00007ff8e9251000 	C:\Windows\System32\kernel.appcore.dll
0x00007ff8e94c0000 - 0x00007ff8e94d7000 	C:\Windows\System32\cryptsp.dll
0x00007ff8e5cf0000 - 0x00007ff8e5d0a000 	F:\Idea\IntelliJ IDEA 2019.1.3\bin\breakgen64.dll
0x00007ff8e1a00000 - 0x00007ff8e1a1a000 	F:\JDK1.8\jre\bin\net.dll
0x00007ff8ddbd0000 - 0x00007ff8ddda7000 	C:\Windows\SYSTEM32\urlmon.dll
0x00007ff8dcf70000 - 0x00007ff8dd218000 	C:\Windows\SYSTEM32\iertutil.dll
0x00007ff8e8b60000 - 0x00007ff8e8b6c000 	C:\Windows\SYSTEM32\CRYPTBASE.DLL
0x00007ff8e8990000 - 0x00007ff8e89f7000 	C:\Windows\system32\mswsock.dll
0x00007ff8e1760000 - 0x00007ff8e1772000 	F:\JDK1.8\jre\bin\nio.dll
0x00007ff8e5a30000 - 0x00007ff8e5a3d000 	F:\JDK1.8\jre\bin\management.dll
0x00007ff8c88b0000 - 0x00007ff8c88c6000 	C:\Windows\system32\napinsp.dll
0x00007ff8c8850000 - 0x00007ff8c886a000 	C:\Windows\system32\pnrpnsp.dll
0x00007ff8e8730000 - 0x00007ff8e87f6000 	C:\Windows\SYSTEM32\DNSAPI.dll
0x00007ff8ec820000 - 0x00007ff8ec828000 	C:\Windows\System32\NSI.dll
0x00007ff8e86f0000 - 0x00007ff8e872d000 	C:\Windows\SYSTEM32\IPHLPAPI.DLL
0x00007ff8c8430000 - 0x00007ff8c843e000 	C:\Windows\System32\winrnr.dll
0x00007ff8e5900000 - 0x00007ff8e591b000 	C:\Windows\system32\NLAapi.dll
0x00007ff8cb4f0000 - 0x00007ff8cb505000 	C:\Windows\system32\wshbth.dll
0x00007ff8b7ff0000 - 0x00007ff8b80fd000 	C:\Windows\SysWOW64\ierd_tgp_lsp64.dll
0x00007ff8eae50000 - 0x00007ff8eafa5000 	C:\Windows\System32\ole32.dll
0x00007ff8cc9d0000 - 0x00007ff8cc9da000 	C:\Windows\system32\wshqos.dll
0x00007ff8c9400000 - 0x00007ff8c9408000 	C:\Windows\SYSTEM32\wshtcpip.DLL
0x00007ff8c93d0000 - 0x00007ff8c93d8000 	C:\Windows\SYSTEM32\wship6.dll
0x00007ff8db680000 - 0x00007ff8db68a000 	C:\Windows\System32\rasadhlp.dll
0x00007ff8dbca0000 - 0x00007ff8dbd19000 	C:\Windows\System32\fwpuclnt.dll
0x00007ff8ea390000 - 0x00007ff8ea3b6000 	C:\Windows\System32\bcrypt.dll
0x00007ff8e8550000 - 0x00007ff8e8583000 	C:\Windows\system32\rsaenh.dll
0x00007ff8e9050000 - 0x00007ff8e9078000 	C:\Windows\SYSTEM32\USERENV.dll
0x00007ff8deb60000 - 0x00007ff8deb76000 	C:\Windows\SYSTEM32\dhcpcsvc6.DLL
0x00007ff8deba0000 - 0x00007ff8debbc000 	C:\Windows\SYSTEM32\dhcpcsvc.DLL
0x00007ff8dd720000 - 0x00007ff8dd744000 	F:\JDK1.8\jre\bin\sunec.dll
0x00007ff8e5a20000 - 0x00007ff8e5a2b000 	F:\JDK1.8\jre\bin\sunmscapi.dll
0x00007ff8e92e0000 - 0x00007ff8e94bb000 	C:\Windows\System32\CRYPT32.dll
0x00007ff8e9190000 - 0x00007ff8e91a2000 	C:\Windows\System32\MSASN1.dll

VM Arguments:
jvm_args: -Dmaven.multiModuleProjectDirectory=F:\Git Task\task3 - 副本 -Dmaven.home=F:\Idea\IntelliJ IDEA 2019.1.3\plugins\maven\lib\maven3 -Dclassworlds.conf=F:\Idea\IntelliJ IDEA 2019.1.3\plugins\maven\lib\maven3\bin\m2.conf -javaagent:F:\Idea\IntelliJ IDEA 2019.1.3\lib\idea_rt.jar=50086:F:\Idea\IntelliJ IDEA 2019.1.3\bin -Dfile.encoding=UTF-8 
java_command: org.codehaus.classworlds.Launcher -Didea.version2019.1.3 -s D:\谷歌下载\apache-maven-3.6.1-bin\apache-maven-3.6.1\conf\settings.xml jetty:run
java_class_path (initial): F:\Idea\IntelliJ IDEA 2019.1.3\plugins\maven\lib\maven3\boot\plexus-classworlds-2.5.2.jar;F:\Idea\IntelliJ IDEA 2019.1.3\lib\idea_rt.jar
Launcher Type: SUN_STANDARD

Environment Variables:
CLASSPATH=.;%JAVA_HOME%\lib;%JAVA_HOME%\lib\tools.jar;
PATH=C:\Program Files (x86)\Common Files\Oracle\Java\javapath;F:\JAVA\JDK\bin;D:\谷歌下载\apache-maven-3.6.1-bin\apache-maven-3.6.1\bin;C:\Windows\system32;C:\Windows;C:\Windows\System32\Wbem;C:\Windows\System32\WindowsPowerShell\v1.0\;F:\Mysql\mysq\mysql-5.7.24-winx64\bin;F:\Git\Git\cmd;F:\TortoiseSVN\bin;%JAVA_HOME%\bin;F:\apache-tomcat-9.0.22\bin;C:\Users\92329\AppData\Local\Microsoft\WindowsApps;;F:\Microsoft VS Code\bin
USERNAME=92329
OS=Windows_NT
PROCESSOR_IDENTIFIER=Intel64 Family 6 Model 142 Stepping 10, GenuineIntel



---------------  S Y S T E M  ---------------

OS: Windows 10.0 , 64 bit Build 17763 (10.0.17763.475)

CPU:total 8 (initial active 8) (4 cores per cpu, 2 threads per core) family 6 model 142 stepping 10, cmov, cx8, fxsr, mmx, sse, sse2, sse3, ssse3, sse4.1, sse4.2, popcnt, avx, avx2, aes, clmul, erms, 3dnowpref, lzcnt, ht, tsc, tscinvbit, bmi1, bmi2, adx

Memory: 4k page, physical 8269924k(481552k free), swap 13389920k(5164k free)

vm_info: Java HotSpot(TM) 64-Bit Server VM (25.211-b12) for windows-amd64 JRE (1.8.0_211-b12), built on Apr  1 2019 20:53:26 by "java_re" with MS VC++ 10.0 (VS2010)

time: Thu Aug 15 19:17:02 2019
timezone: 中国标准时间
elapsed time: 593 seconds (0d 0h 9m 53s)

